<?xml version="1.0" encoding="UTF-8"?>
<!-- Generated by org.testng.reporters.JUnitReportReporter -->
<testsuite hostname="DP" failures="0" tests="2" name="sdetbasic.restassured.SdetPrograms" time="24.764" errors="0" timestamp="2025-08-01T18:31:03 IST" skipped="0">
  <testcase classname="sdetbasic.restassured.SdetPrograms" name="testWindowHandles" time="11.103"/>
  <testcase classname="sdetbasic.restassured.SdetPrograms" name="testSignUpErrorMessages" time="13.661"/>
</testsuite> <!-- sdetbasic.restassured.SdetPrograms -->
