<?xml version="1.0" encoding="UTF-8"?>
<!-- Generated by org.testng.reporters.JUnitReportReporter -->
<testsuite hostname="DP" failures="0" tests="2" name="sdetbasic.restassured.CountriesAPI" time="3.997" errors="0" timestamp="2025-08-01T18:22:08 IST" skipped="0">
  <testcase classname="sdetbasic.restassured.CountriesAPI" name="inValidCapital" time="2.664"/>
  <testcase classname="sdetbasic.restassured.CountriesAPI" name="validCapital" time="1.333"/>
</testsuite> <!-- sdetbasic.restassured.CountriesAPI -->
